<?xml version="1.0" encoding="UTF-8"?>
<!-- Generated by org.testng.reporters.JUnitXMLReporter -->
<testsuite ignored="1" hostname="LAPTOP-5OB21TOV" failures="0" tests="2" name="Default test" time="7.806" errors="0" timestamp="25 May 2021 16:35:56 GMT">
  <testcase classname="TestSuites.AllAssignedCases" name="LoginAsAdmin" time="0.865"/>
  <testcase classname="TestSuites.AllAssignedCases" name="FilterCusFromTillToDate" time="3.502"/>
  <testcase classname="TestSuites.AllAssignedCases" name="AddNewCustomer" time="0.0">
    <ignored/>
  </testcase> <!-- AddNewCustomer -->
</testsuite> <!-- Default test -->
